<?xml version="1.0" encoding="UTF-8"?>
<testng-results ignored="0" total="2" passed="2" failed="0" skipped="0">
  <reporter-output>
  </reporter-output>
  <suite started-at="2025-07-11T22:25:36 IST" name="Default Suite" finished-at="2025-07-11T22:25:37 IST" duration-ms="1518">
    <groups>
    </groups>
    <test started-at="2025-07-11T22:25:36 IST" name="RESTAssuredProject1" finished-at="2025-07-11T22:25:37 IST" duration-ms="1518">
      <class name="APITests">
        <test-method signature="test1()[pri:0, instance:APITests@6a2b953e]" started-at="2025-07-11T22:25:36 IST" name="test1" finished-at="2025-07-11T22:25:37 IST" duration-ms="1306" status="PASS">
          <reporter-output>
          </reporter-output>
        </test-method> <!-- test1 -->
        <test-method signature="test2()[pri:0, instance:APITests@6a2b953e]" started-at="2025-07-11T22:25:37 IST" name="test2" finished-at="2025-07-11T22:25:37 IST" duration-ms="176" status="PASS">
          <reporter-output>
          </reporter-output>
        </test-method> <!-- test2 -->
      </class> <!-- APITests -->
    </test> <!-- RESTAssuredProject1 -->
  </suite> <!-- Default Suite -->
</testng-results>
